<?xml version="1.0" encoding="UTF-8"?>
<!-- Generated by org.testng.reporters.JUnitReportReporter -->
<testsuite hostname="DESKTOP-JMJ6D14" name="day1.restassured" tests="1" failures="0" timestamp="4 Jul 2022 11:01:05 GMT" time="2.713" errors="0">
  <testcase name="createuser" time="2.713" classname="day1.restassured"/>
</testsuite> <!-- day1.restassured -->
